<?xml version="1.0" encoding="UTF-8"?>
<testng-results skipped="0" failed="0" total="1" passed="1">
  <reporter-output>
  </reporter-output>
  <suite name="Suite" duration-ms="257867" started-at="2020-03-02T05:16:08Z" finished-at="2020-03-02T05:20:26Z">
    <groups>
    </groups>
    <test name="Test" duration-ms="257867" started-at="2020-03-02T05:16:08Z" finished-at="2020-03-02T05:20:26Z">
      <class name="SeleniumPackage.Demo">
        <test-method status="PASS" signature="test()[pri:0, instance:SeleniumPackage.Demo@18be83e4]" name="test" duration-ms="257766" started-at="2020-03-02T10:46:08Z" finished-at="2020-03-02T10:50:26Z">
          <reporter-output>
          </reporter-output>
        </test-method> <!-- test -->
      </class> <!-- SeleniumPackage.Demo -->
    </test> <!-- Test -->
  </suite> <!-- Suite -->
</testng-results>
